2026-05-04 19:31:12 | ERROR | TELEGRAM_BOT_TOKEN is not set
2026-05-04 19:54:27 | INFO | Database initialized
2026-05-04 19:54:28 | INFO | Scheduler started
2026-05-04 19:54:28 | INFO | Bot starting (long-polling)
2026-05-04 20:01:17 | INFO | Shutting down…
2026-05-04 20:01:17 | INFO | Shutdown complete
2026-05-04 20:01:28 | INFO | Database initialized
2026-05-04 20:01:28 | INFO | Scheduler started
2026-05-04 20:01:28 | INFO | Initial RSS poll…
2026-05-04 20:01:28 | INFO | Bot starting (long-polling)
2026-05-04 20:01:29 | WARNING | RSS fetch failed [AP News]: [Errno 11001] getaddrinfo failed
2026-05-04 20:01:29 | WARNING | RSS fetch failed [Reuters]: [Errno 11001] getaddrinfo failed
2026-05-04 20:03:37 | INFO | Shutting down…
2026-05-04 20:03:37 | INFO | Shutdown complete
2026-05-04 20:03:45 | INFO | Database initialized
2026-05-04 20:03:45 | INFO | Scheduler started
2026-05-04 20:03:45 | INFO | Initial RSS poll…
2026-05-04 20:03:45 | INFO | Bot starting (long-polling)
2026-05-04 20:05:07 | INFO | RSS poll done: 40 new articles stored
2026-05-04 20:05:54 | INFO | Shutting down…
2026-05-04 20:05:54 | INFO | Shutdown complete
2026-05-04 20:06:01 | INFO | Database initialized
2026-05-04 20:06:01 | INFO | Scheduler started
2026-05-04 20:06:01 | INFO | Initial RSS poll…
2026-05-04 20:06:01 | INFO | Bot starting (long-polling)
2026-05-04 20:06:03 | INFO | RSS poll done: 0 new articles stored
2026-05-05 07:06:01 | INFO | Scheduler: RSS poll started
2026-05-05 07:08:36 | INFO | RSS poll done: 66 new articles stored
2026-05-05 07:08:36 | INFO | Scheduler: RSS poll finished — 66 new articles
2026-05-05 10:43:14 | INFO | Shutting down…
2026-05-05 10:43:14 | INFO | Shutdown complete
2026-05-05 10:43:37 | INFO | Database initialized
2026-05-05 10:43:37 | INFO | Scheduler started
2026-05-05 10:43:37 | INFO | Initial RSS poll…
2026-05-05 10:43:37 | INFO | Bot starting (long-polling)
2026-05-05 10:46:56 | INFO | RSS poll done: 101 new articles stored
2026-05-05 10:54:27 | INFO | Shutting down…
2026-05-05 10:54:27 | INFO | Shutdown complete
2026-05-05 10:54:35 | INFO | Database initialized
2026-05-05 10:54:35 | INFO | Scheduler started
2026-05-05 10:54:35 | INFO | Initial RSS poll…
2026-05-05 10:54:35 | INFO | Bot starting (long-polling)
2026-05-05 10:54:47 | INFO | RSS poll done: 4 new articles stored
2026-05-05 10:58:09 | INFO | Shutting down…
2026-05-05 10:58:09 | INFO | Shutdown complete
2026-05-05 10:58:15 | INFO | Database initialized
2026-05-05 10:58:16 | INFO | Scheduler started
2026-05-05 10:58:16 | INFO | Initial RSS poll…
2026-05-05 10:58:16 | INFO | Bot starting (long-polling)
2026-05-05 10:58:17 | INFO | RSS poll done: 0 new articles stored
2026-05-05 11:04:39 | INFO | RSS poll done: 1 new articles stored
2026-05-05 11:28:16 | INFO | Scheduler: RSS poll started
2026-05-05 11:28:24 | INFO | RSS poll done: 3 new articles stored
2026-05-05 11:28:24 | INFO | Scheduler: RSS poll finished — 3 new articles
2026-05-05 11:58:16 | INFO | Scheduler: RSS poll started
2026-05-05 11:58:26 | INFO | RSS poll done: 5 new articles stored
2026-05-05 11:58:26 | INFO | Scheduler: RSS poll finished — 5 new articles
2026-05-05 12:28:16 | INFO | Scheduler: RSS poll started
2026-05-05 12:28:37 | INFO | RSS poll done: 8 new articles stored
2026-05-05 12:28:37 | INFO | Scheduler: RSS poll finished — 8 new articles
2026-05-05 12:58:16 | INFO | Scheduler: RSS poll started
2026-05-05 12:58:32 | INFO | RSS poll done: 6 new articles stored
2026-05-05 12:58:32 | INFO | Scheduler: RSS poll finished — 6 new articles
2026-05-05 13:28:16 | INFO | Scheduler: RSS poll started
2026-05-05 13:28:30 | INFO | RSS poll done: 6 new articles stored
2026-05-05 13:28:30 | INFO | Scheduler: RSS poll finished — 6 new articles
2026-05-05 13:58:16 | INFO | Scheduler: RSS poll started
2026-05-05 13:58:36 | INFO | RSS poll done: 9 new articles stored
2026-05-05 13:58:36 | INFO | Scheduler: RSS poll finished — 9 new articles
2026-05-05 14:27:01 | INFO | Shutting down…
2026-05-05 14:27:01 | INFO | Shutdown complete
2026-05-05 14:27:17 | INFO | Database initialized
2026-05-05 14:27:17 | INFO | Scheduler started
2026-05-05 14:27:17 | INFO | Initial RSS poll…
2026-05-05 14:27:17 | INFO | Bot starting (long-polling)
2026-05-05 14:30:52 | INFO | RSS poll done: 56 new articles stored
2026-05-05 14:30:53 | INFO | RSS poll done: 104 new articles stored
2026-05-05 14:30:53 | INFO | RSS poll done: 90 new articles stored
2026-05-05 14:30:53 | INFO | RSS poll done: 52 new articles stored
2026-05-05 14:57:17 | INFO | Scheduler: RSS poll started
2026-05-05 14:57:28 | INFO | RSS poll done: 6 new articles stored
2026-05-05 14:57:28 | INFO | Scheduler: RSS poll finished — 6 new articles
2026-05-05 15:27:17 | INFO | Scheduler: RSS poll started
2026-05-05 15:27:24 | INFO | RSS poll done: 3 new articles stored
2026-05-05 15:27:24 | INFO | Scheduler: RSS poll finished — 3 new articles
2026-05-05 16:27:17 | INFO | Scheduler: RSS poll started
2026-05-05 16:27:56 | INFO | RSS poll done: 16 new articles stored
2026-05-05 16:27:56 | INFO | Scheduler: RSS poll finished — 16 new articles
2026-05-05 18:57:17 | INFO | Scheduler: RSS poll started
2026-05-05 18:58:25 | INFO | RSS poll done: 37 new articles stored
2026-05-05 18:58:25 | INFO | Scheduler: RSS poll finished — 37 new articles
2026-05-05 19:27:17 | INFO | Scheduler: RSS poll started
2026-05-05 19:27:33 | INFO | RSS poll done: 7 new articles stored
2026-05-05 19:27:33 | INFO | Scheduler: RSS poll finished — 7 new articles
2026-05-05 19:57:17 | INFO | Scheduler: RSS poll started
2026-05-05 19:57:30 | INFO | RSS poll done: 6 new articles stored
2026-05-05 19:57:30 | INFO | Scheduler: RSS poll finished — 6 new articles
2026-05-05 20:27:17 | INFO | Scheduler: RSS poll started
2026-05-05 20:27:46 | INFO | RSS poll done: 10 new articles stored
2026-05-05 20:27:46 | INFO | Scheduler: RSS poll finished — 10 new articles
2026-05-06 03:09:59 | INFO | RSS poll done: 51 new articles stored
2026-05-06 11:12:48 | INFO | RSS poll done: 44 new articles stored
2026-05-06 11:27:17 | INFO | Scheduler: RSS poll started
2026-05-06 11:27:33 | INFO | RSS poll done: 5 new articles stored
2026-05-06 11:27:33 | INFO | Scheduler: RSS poll finished — 5 new articles
2026-05-06 11:57:17 | INFO | Scheduler: RSS poll started
2026-05-06 11:57:23 | INFO | RSS poll done: 3 new articles stored
2026-05-06 11:57:23 | INFO | Scheduler: RSS poll finished — 3 new articles
2026-05-06 12:27:17 | INFO | Scheduler: RSS poll started
2026-05-06 12:27:28 | INFO | RSS poll done: 4 new articles stored
2026-05-06 12:27:28 | INFO | Scheduler: RSS poll finished — 4 new articles
2026-05-06 15:57:17 | INFO | Scheduler: RSS poll started
2026-05-06 15:58:31 | INFO | RSS poll done: 41 new articles stored
2026-05-06 15:58:31 | INFO | Scheduler: RSS poll finished — 41 new articles
2026-05-06 16:22:05 | INFO | Shutting down…
2026-05-06 16:22:05 | INFO | Shutdown complete
2026-05-06 16:22:19 | INFO | Database initialized
2026-05-06 16:22:19 | INFO | Scheduler started
2026-05-06 16:22:19 | INFO | Initial RSS poll…
2026-05-06 16:22:19 | INFO | Bot starting (long-polling)
2026-05-06 16:22:33 | INFO | RSS poll done: 5 new articles stored
2026-05-06 16:52:19 | INFO | Scheduler: RSS poll started
2026-05-06 16:52:34 | INFO | RSS poll done: 7 new articles stored
2026-05-06 16:52:34 | INFO | Scheduler: RSS poll finished — 7 new articles
2026-05-06 17:22:19 | INFO | Scheduler: RSS poll started
2026-05-06 17:22:39 | INFO | RSS poll done: 8 new articles stored
2026-05-06 17:22:39 | INFO | Scheduler: RSS poll finished — 8 new articles
2026-05-06 17:52:19 | INFO | Scheduler: RSS poll started
2026-05-06 17:52:36 | INFO | RSS poll done: 8 new articles stored
2026-05-06 17:52:36 | INFO | Scheduler: RSS poll finished — 8 new articles
2026-05-06 18:22:19 | INFO | Scheduler: RSS poll started
2026-05-06 18:22:38 | INFO | RSS poll done: 8 new articles stored
2026-05-06 18:22:38 | INFO | Scheduler: RSS poll finished — 8 new articles
2026-05-06 18:52:19 | INFO | Scheduler: RSS poll started
2026-05-06 18:52:41 | INFO | RSS poll done: 10 new articles stored
2026-05-06 18:52:41 | INFO | Scheduler: RSS poll finished — 10 new articles
2026-05-06 19:22:19 | INFO | Scheduler: RSS poll started
2026-05-06 19:22:34 | INFO | RSS poll done: 9 new articles stored
2026-05-06 19:22:34 | INFO | Scheduler: RSS poll finished — 9 new articles
2026-05-06 19:52:19 | INFO | Scheduler: RSS poll started
2026-05-06 19:52:32 | INFO | RSS poll done: 7 new articles stored
2026-05-06 19:52:32 | INFO | Scheduler: RSS poll finished — 7 new articles
2026-05-06 20:22:19 | INFO | Scheduler: RSS poll started
2026-05-06 20:22:37 | INFO | RSS poll done: 9 new articles stored
2026-05-06 20:22:37 | INFO | Scheduler: RSS poll finished — 9 new articles
2026-05-07 00:00:55 | INFO | Scheduler: RSS poll started
2026-05-07 00:02:04 | INFO | RSS poll done: 23 new articles stored
2026-05-07 00:02:04 | INFO | Scheduler: RSS poll finished — 23 new articles
2026-05-07 03:01:14 | INFO | Scheduler: RSS poll started
2026-05-07 05:40:31 | INFO | RSS poll done: 23 new articles stored
2026-05-07 05:40:31 | INFO | Scheduler: RSS poll finished — 23 new articles
2026-05-07 10:30:31 | INFO | Scheduler: RSS poll started
2026-05-07 10:32:14 | INFO | RSS poll done: 40 new articles stored
2026-05-07 10:32:14 | INFO | Scheduler: RSS poll finished — 40 new articles
2026-05-07 10:52:20 | INFO | Scheduler: RSS poll started
2026-05-07 10:52:32 | INFO | RSS poll done: 7 new articles stored
2026-05-07 10:52:32 | INFO | Scheduler: RSS poll finished — 7 new articles
2026-05-07 11:22:19 | INFO | Scheduler: RSS poll started
2026-05-07 11:22:40 | INFO | RSS poll done: 7 new articles stored
2026-05-07 11:22:40 | INFO | Scheduler: RSS poll finished — 7 new articles
2026-05-07 11:52:19 | INFO | Scheduler: RSS poll started
2026-05-07 11:52:32 | INFO | RSS poll done: 4 new articles stored
2026-05-07 11:52:32 | INFO | Scheduler: RSS poll finished — 4 new articles
2026-05-07 12:22:19 | INFO | Scheduler: RSS poll started
2026-05-07 12:22:34 | INFO | RSS poll done: 5 new articles stored
2026-05-07 12:22:34 | INFO | Scheduler: RSS poll finished — 5 new articles
2026-05-07 12:52:19 | INFO | Scheduler: RSS poll started
2026-05-07 12:52:34 | INFO | RSS poll done: 5 new articles stored
2026-05-07 12:52:34 | INFO | Scheduler: RSS poll finished — 5 new articles
2026-05-07 13:22:19 | INFO | Scheduler: RSS poll started
2026-05-07 13:22:36 | INFO | RSS poll done: 8 new articles stored
2026-05-07 13:22:36 | INFO | Scheduler: RSS poll finished — 8 new articles
2026-05-07 13:52:19 | INFO | Scheduler: RSS poll started
2026-05-07 13:52:48 | INFO | RSS poll done: 12 new articles stored
2026-05-07 13:52:48 | INFO | Scheduler: RSS poll finished — 12 new articles
2026-05-07 14:22:19 | INFO | Scheduler: RSS poll started
2026-05-07 14:22:28 | INFO | RSS poll done: 4 new articles stored
2026-05-07 14:22:28 | INFO | Scheduler: RSS poll finished — 4 new articles
2026-05-07 14:52:19 | INFO | Scheduler: RSS poll started
2026-05-07 14:52:28 | INFO | RSS poll done: 5 new articles stored
2026-05-07 14:52:28 | INFO | Scheduler: RSS poll finished — 5 new articles
2026-05-07 15:22:19 | INFO | Scheduler: RSS poll started
2026-05-07 15:22:31 | INFO | RSS poll done: 5 new articles stored
2026-05-07 15:22:31 | INFO | Scheduler: RSS poll finished — 5 new articles
2026-05-07 17:02:15 | INFO | Scheduler: RSS poll started
2026-05-07 17:02:59 | INFO | RSS poll done: 19 new articles stored
2026-05-07 17:02:59 | INFO | Scheduler: RSS poll finished — 19 new articles
2026-05-07 17:22:19 | INFO | Scheduler: RSS poll started
2026-05-07 17:22:41 | INFO | RSS poll done: 10 new articles stored
2026-05-07 17:22:41 | INFO | Scheduler: RSS poll finished — 10 new articles
2026-05-07 17:52:19 | INFO | Scheduler: RSS poll started
2026-05-07 17:52:31 | INFO | RSS poll done: 6 new articles stored
2026-05-07 17:52:31 | INFO | Scheduler: RSS poll finished — 6 new articles
2026-05-07 18:22:19 | INFO | Scheduler: RSS poll started
2026-05-07 18:22:37 | INFO | RSS poll done: 10 new articles stored
2026-05-07 18:22:37 | INFO | Scheduler: RSS poll finished — 10 new articles
2026-05-07 18:52:19 | INFO | Scheduler: RSS poll started
2026-05-07 18:52:52 | INFO | RSS poll done: 12 new articles stored
2026-05-07 18:52:52 | INFO | Scheduler: RSS poll finished — 12 new articles
2026-05-07 19:22:19 | INFO | Scheduler: RSS poll started
2026-05-07 19:22:42 | INFO | RSS poll done: 8 new articles stored
2026-05-07 19:22:42 | INFO | Scheduler: RSS poll finished — 8 new articles
2026-05-07 19:52:19 | INFO | Scheduler: RSS poll started
2026-05-07 19:52:41 | INFO | RSS poll done: 10 new articles stored
2026-05-07 19:52:41 | INFO | Scheduler: RSS poll finished — 10 new articles
2026-05-07 19:59:41 | INFO | Shutting down…
2026-05-07 19:59:41 | INFO | Shutdown complete
2026-05-12 17:17:01 | INFO | Database initialized
2026-05-12 17:17:02 | INFO | Scheduler started
2026-05-12 17:17:02 | INFO | Initial RSS poll…
2026-05-12 17:17:02 | INFO | Bot starting (long-polling)
2026-05-12 17:21:06 | INFO | RSS poll done: 118 new articles stored
2026-05-12 17:21:07 | INFO | RSS poll done: 103 new articles stored
2026-05-12 17:47:02 | INFO | Scheduler: RSS poll started
2026-05-12 17:47:15 | INFO | RSS poll done: 4 new articles stored
2026-05-12 17:47:15 | INFO | Scheduler: RSS poll finished — 4 new articles
2026-05-12 18:47:02 | INFO | Scheduler: RSS poll started
2026-05-12 18:47:20 | INFO | RSS poll done: 10 new articles stored
2026-05-12 18:47:20 | INFO | Scheduler: RSS poll finished — 10 new articles
2026-05-12 19:17:02 | INFO | Scheduler: RSS poll started
2026-05-12 19:17:30 | INFO | RSS poll done: 13 new articles stored
2026-05-12 19:17:30 | INFO | Scheduler: RSS poll finished — 13 new articles
2026-05-12 19:47:02 | INFO | Scheduler: RSS poll started
2026-05-12 19:47:13 | INFO | RSS poll done: 5 new articles stored
2026-05-12 19:47:13 | INFO | Scheduler: RSS poll finished — 5 new articles
2026-05-13 03:26:14 | INFO | Scheduler: RSS poll started
2026-05-13 14:10:03 | INFO | Database initialized
2026-05-13 14:10:03 | INFO | Scheduler started
2026-05-13 14:10:03 | INFO | Initial RSS poll…
2026-05-13 14:10:03 | INFO | Bot starting (long-polling)
2026-05-13 14:12:34 | INFO | RSS poll done: 77 new articles stored
2026-05-13 14:20:05 | INFO | Shutting down…
2026-05-13 14:20:05 | INFO | Shutdown complete
2026-05-13 14:20:11 | INFO | Database initialized
2026-05-13 14:20:11 | INFO | Scheduler started
2026-05-13 14:20:11 | INFO | Initial RSS poll…
2026-05-13 14:20:11 | INFO | Bot starting (long-polling)
2026-05-13 14:20:15 | INFO | RSS poll done: 1 new articles stored
2026-05-13 14:20:30 | INFO | RSS poll done: 0 new articles stored
2026-05-13 14:50:11 | INFO | Scheduler: RSS poll started
2026-05-13 14:50:17 | INFO | RSS poll done: 3 new articles stored
2026-05-13 14:50:17 | INFO | Scheduler: RSS poll finished — 3 new articles
2026-05-13 15:52:41 | INFO | Scheduler: RSS poll started
2026-05-13 15:53:09 | INFO | RSS poll done: 13 new articles stored
2026-05-13 15:53:09 | INFO | Scheduler: RSS poll finished — 13 new articles
2026-05-13 16:20:11 | INFO | Scheduler: RSS poll started
2026-05-13 16:20:44 | INFO | RSS poll done: 12 new articles stored
2026-05-13 16:20:44 | INFO | Scheduler: RSS poll finished — 12 new articles
2026-05-13 17:50:11 | INFO | Scheduler: RSS poll started
2026-05-13 17:51:21 | INFO | RSS poll done: 26 new articles stored
2026-05-13 17:51:21 | INFO | Scheduler: RSS poll finished — 26 new articles
2026-05-13 18:20:12 | INFO | Scheduler: RSS poll started
2026-05-13 18:20:29 | INFO | RSS poll done: 9 new articles stored
2026-05-13 18:20:29 | INFO | Scheduler: RSS poll finished — 9 new articles
2026-05-13 18:50:12 | INFO | Scheduler: RSS poll started
2026-05-13 18:50:28 | INFO | RSS poll done: 6 new articles stored
2026-05-13 18:50:28 | INFO | Scheduler: RSS poll finished — 6 new articles
2026-05-13 19:20:11 | INFO | Scheduler: RSS poll started
2026-05-13 19:20:33 | INFO | RSS poll done: 10 new articles stored
2026-05-13 19:20:33 | INFO | Scheduler: RSS poll finished — 10 new articles
2026-05-13 19:50:11 | INFO | Scheduler: RSS poll started
2026-05-13 19:50:26 | INFO | RSS poll done: 5 new articles stored
2026-05-13 19:50:26 | INFO | Scheduler: RSS poll finished — 5 new articles
2026-05-13 20:20:11 | INFO | Scheduler: RSS poll started
2026-05-13 20:20:44 | INFO | RSS poll done: 11 new articles stored
2026-05-13 20:20:44 | INFO | Scheduler: RSS poll finished — 11 new articles
2026-05-14 10:26:31 | INFO | Scheduler: RSS poll started
2026-05-14 10:29:10 | INFO | RSS poll done: 69 new articles stored
2026-05-14 10:29:10 | INFO | Scheduler: RSS poll finished — 69 new articles
2026-05-14 10:50:12 | INFO | Scheduler: RSS poll started
2026-05-14 10:50:21 | INFO | RSS poll done: 3 new articles stored
2026-05-14 10:50:21 | INFO | Scheduler: RSS poll finished — 3 new articles
2026-05-14 11:20:11 | INFO | Scheduler: RSS poll started
2026-05-14 11:20:28 | INFO | RSS poll done: 7 new articles stored
2026-05-14 11:20:28 | INFO | Scheduler: RSS poll finished — 7 new articles
2026-05-14 11:50:11 | INFO | Scheduler: RSS poll started
2026-05-14 11:50:36 | INFO | RSS poll done: 7 new articles stored
2026-05-14 11:50:36 | INFO | Scheduler: RSS poll finished — 7 new articles
2026-05-14 12:20:11 | INFO | Scheduler: RSS poll started
2026-05-14 12:20:24 | INFO | RSS poll done: 4 new articles stored
2026-05-14 12:20:24 | INFO | Scheduler: RSS poll finished — 4 new articles
2026-05-14 12:50:11 | INFO | Scheduler: RSS poll started
2026-05-14 12:50:23 | INFO | RSS poll done: 4 new articles stored
2026-05-14 12:50:23 | INFO | Scheduler: RSS poll finished — 4 new articles
2026-05-14 13:20:11 | INFO | Scheduler: RSS poll started
2026-05-14 13:20:26 | INFO | RSS poll done: 6 new articles stored
2026-05-14 13:20:26 | INFO | Scheduler: RSS poll finished — 6 new articles
2026-05-14 13:50:11 | INFO | Scheduler: RSS poll started
2026-05-14 13:51:05 | INFO | RSS poll done: 15 new articles stored
2026-05-14 13:51:05 | INFO | Scheduler: RSS poll finished — 15 new articles
2026-05-14 15:20:11 | INFO | Scheduler: RSS poll started
2026-05-14 15:20:51 | INFO | RSS poll done: 17 new articles stored
2026-05-14 15:20:51 | INFO | Scheduler: RSS poll finished — 17 new articles
2026-05-14 15:50:11 | INFO | Scheduler: RSS poll started
2026-05-14 15:50:35 | INFO | RSS poll done: 9 new articles stored
2026-05-14 15:50:35 | INFO | Scheduler: RSS poll finished — 9 new articles
2026-05-14 16:20:12 | INFO | Scheduler: RSS poll started
2026-05-14 16:20:40 | INFO | RSS poll done: 8 new articles stored
2026-05-14 16:20:40 | INFO | Scheduler: RSS poll finished — 8 new articles
2026-05-14 16:50:11 | INFO | Scheduler: RSS poll started
2026-05-14 16:50:40 | INFO | RSS poll done: 8 new articles stored
2026-05-14 16:50:40 | INFO | Scheduler: RSS poll finished — 8 new articles
2026-05-14 17:20:11 | INFO | Scheduler: RSS poll started
2026-05-14 17:20:21 | INFO | RSS poll done: 3 new articles stored
2026-05-14 17:20:21 | INFO | Scheduler: RSS poll finished — 3 new articles
2026-05-14 17:50:11 | INFO | Scheduler: RSS poll started
2026-05-14 17:50:12 | WARNING | RSS fetch failed [BBC]: [Errno 11001] getaddrinfo failed
2026-05-14 17:50:12 | WARNING | RSS fetch failed [NPR News]: [Errno 11001] getaddrinfo failed
2026-05-14 17:50:12 | WARNING | RSS fetch failed [Deutsche Welle]: [Errno 11001] getaddrinfo failed
2026-05-14 17:50:12 | WARNING | RSS fetch failed [Guardian]: [Errno 11001] getaddrinfo failed
2026-05-14 17:50:12 | WARNING | RSS fetch failed [Al Jazeera]: [Errno 11001] getaddrinfo failed
2026-05-14 17:50:12 | INFO | RSS poll done: 0 new articles stored
2026-05-14 17:50:12 | INFO | Scheduler: RSS poll finished — 0 new articles
2026-05-14 18:20:11 | INFO | Scheduler: RSS poll started
2026-05-14 18:20:42 | INFO | RSS poll done: 13 new articles stored
2026-05-14 18:20:42 | INFO | Scheduler: RSS poll finished — 13 new articles
2026-05-14 18:51:09 | INFO | Scheduler: RSS poll started
2026-05-14 18:51:42 | INFO | RSS poll done: 14 new articles stored
2026-05-14 18:51:42 | INFO | Scheduler: RSS poll finished — 14 new articles
2026-05-14 19:20:12 | INFO | Scheduler: RSS poll started
2026-05-14 19:20:21 | INFO | RSS poll done: 4 new articles stored
2026-05-14 19:20:21 | INFO | Scheduler: RSS poll finished — 4 new articles
2026-05-14 19:50:12 | INFO | Scheduler: RSS poll started
2026-05-14 19:50:31 | INFO | RSS poll done: 9 new articles stored
2026-05-14 19:50:31 | INFO | Scheduler: RSS poll finished — 9 new articles
2026-05-14 20:20:12 | INFO | Scheduler: RSS poll started
2026-05-14 20:20:29 | INFO | RSS poll done: 5 new articles stored
2026-05-14 20:20:29 | INFO | Scheduler: RSS poll finished — 5 new articles
2026-05-15 10:45:09 | INFO | Database initialized
2026-05-15 10:45:10 | INFO | Scheduler started
2026-05-15 10:45:10 | INFO | Initial RSS poll…
2026-05-15 10:45:10 | INFO | Bot starting (long-polling)
2026-05-15 10:47:36 | INFO | RSS poll done: 73 new articles stored
2026-05-15 11:15:10 | INFO | Scheduler: RSS poll started
2026-05-15 11:15:24 | INFO | RSS poll done: 5 new articles stored
2026-05-15 11:15:24 | INFO | Scheduler: RSS poll finished — 5 new articles
2026-05-15 11:45:10 | INFO | Scheduler: RSS poll started
2026-05-15 11:45:26 | INFO | RSS poll done: 6 new articles stored
2026-05-15 11:45:26 | INFO | Scheduler: RSS poll finished — 6 new articles
2026-05-15 12:15:10 | INFO | Scheduler: RSS poll started
2026-05-15 12:15:29 | INFO | RSS poll done: 5 new articles stored
2026-05-15 12:15:29 | INFO | Scheduler: RSS poll finished — 5 new articles
2026-05-15 12:45:10 | INFO | Scheduler: RSS poll started
2026-05-15 12:45:23 | INFO | RSS poll done: 6 new articles stored
2026-05-15 12:45:23 | INFO | Scheduler: RSS poll finished — 6 new articles
2026-05-15 13:15:10 | INFO | Scheduler: RSS poll started
2026-05-15 13:15:22 | INFO | RSS poll done: 4 new articles stored
2026-05-15 13:15:22 | INFO | Scheduler: RSS poll finished — 4 new articles
2026-05-15 13:45:10 | INFO | Scheduler: RSS poll started
2026-05-15 13:45:23 | INFO | RSS poll done: 3 new articles stored
2026-05-15 13:45:23 | INFO | Scheduler: RSS poll finished — 3 new articles
2026-05-15 15:52:45 | INFO | Scheduler: RSS poll started
2026-05-15 15:54:53 | WARNING | RSS fetch failed [BBC]: 
2026-05-15 15:54:53 | WARNING | RSS fetch failed [Guardian]: 
2026-05-15 15:54:53 | WARNING | RSS fetch failed [Al Jazeera]: 
2026-05-15 15:54:53 | WARNING | RSS fetch failed [NPR News]: 
2026-05-15 15:54:53 | WARNING | RSS fetch failed [Deutsche Welle]: 
2026-05-15 15:54:53 | INFO | RSS poll done: 0 new articles stored
2026-05-15 15:54:53 | INFO | Scheduler: RSS poll finished — 0 new articles
2026-05-15 16:15:10 | INFO | Scheduler: RSS poll started
2026-05-15 16:16:41 | INFO | RSS poll done: 37 new articles stored
2026-05-15 16:16:41 | INFO | Scheduler: RSS poll finished — 37 new articles
2026-05-15 16:45:10 | INFO | Scheduler: RSS poll started
2026-05-15 16:45:19 | INFO | RSS poll done: 4 new articles stored
2026-05-15 16:45:19 | INFO | Scheduler: RSS poll finished — 4 new articles
2026-05-15 17:15:10 | INFO | Scheduler: RSS poll started
2026-05-15 17:15:18 | INFO | RSS poll done: 4 new articles stored
2026-05-15 17:15:18 | INFO | Scheduler: RSS poll finished — 4 new articles
2026-05-15 17:45:10 | INFO | Scheduler: RSS poll started
2026-05-15 17:45:22 | INFO | RSS poll done: 6 new articles stored
2026-05-15 17:45:22 | INFO | Scheduler: RSS poll finished — 6 new articles
2026-05-15 18:15:10 | INFO | Scheduler: RSS poll started
2026-05-15 18:15:22 | INFO | RSS poll done: 5 new articles stored
2026-05-15 18:15:22 | INFO | Scheduler: RSS poll finished — 5 new articles
2026-05-15 18:45:10 | INFO | Scheduler: RSS poll started
2026-05-15 18:45:31 | INFO | RSS poll done: 8 new articles stored
2026-05-15 18:45:31 | INFO | Scheduler: RSS poll finished — 8 new articles
2026-05-15 19:45:10 | INFO | Scheduler: RSS poll started
2026-05-15 19:45:31 | INFO | RSS poll done: 9 new articles stored
2026-05-15 19:45:31 | INFO | Scheduler: RSS poll finished — 9 new articles
2026-05-15 20:15:10 | INFO | Scheduler: RSS poll started
2026-05-15 20:15:40 | INFO | RSS poll done: 13 new articles stored
2026-05-15 20:15:40 | INFO | Scheduler: RSS poll finished — 13 new articles
2026-05-15 22:48:39 | INFO | Scheduler: RSS poll started
2026-05-16 05:22:07 | INFO | RSS poll done: 33 new articles stored
2026-05-16 05:22:07 | INFO | Scheduler: RSS poll finished — 33 new articles
2026-05-16 15:15:22 | INFO | Scheduler: RSS poll started
2026-05-17 06:39:52 | INFO | RSS poll done: 74 new articles stored
2026-05-17 06:39:52 | INFO | Scheduler: RSS poll finished — 74 new articles
2026-05-17 11:22:49 | INFO | Scheduler: RSS poll started
2026-05-17 18:21:18 | WARNING | Translation failed: RetryError[<Future at 0x19ec96934d0 state=finished raised ConnectionError>]
2026-05-18 14:54:55 | WARNING | Translation failed: RetryError[<Future at 0x19ec9764dd0 state=finished raised ConnectionError>]
2026-05-18 15:38:22 | INFO | RSS poll done: 78 new articles stored
2026-05-18 15:38:22 | INFO | Scheduler: RSS poll finished — 78 new articles
2026-05-18 15:45:10 | INFO | Scheduler: RSS poll started
2026-05-18 15:48:28 | INFO | RSS poll done: 94 new articles stored
2026-05-18 15:48:28 | INFO | Scheduler: RSS poll finished — 94 new articles
2026-05-18 16:15:10 | INFO | Scheduler: RSS poll started
2026-05-18 16:15:34 | INFO | RSS poll done: 8 new articles stored
2026-05-18 16:15:34 | INFO | Scheduler: RSS poll finished — 8 new articles
2026-05-18 16:45:10 | INFO | Scheduler: RSS poll started
2026-05-18 16:45:20 | INFO | RSS poll done: 5 new articles stored
2026-05-18 16:45:20 | INFO | Scheduler: RSS poll finished — 5 new articles
2026-05-18 17:15:10 | INFO | Scheduler: RSS poll started
2026-05-18 17:15:22 | INFO | RSS poll done: 4 new articles stored
2026-05-18 17:15:22 | INFO | Scheduler: RSS poll finished — 4 new articles
2026-05-18 17:45:10 | INFO | Scheduler: RSS poll started
2026-05-18 17:45:22 | INFO | RSS poll done: 5 new articles stored
2026-05-18 17:45:22 | INFO | Scheduler: RSS poll finished — 5 new articles
2026-05-18 18:15:10 | INFO | Scheduler: RSS poll started
2026-05-18 18:15:24 | INFO | RSS poll done: 5 new articles stored
2026-05-18 18:15:24 | INFO | Scheduler: RSS poll finished — 5 new articles
2026-05-18 18:45:10 | INFO | Scheduler: RSS poll started
2026-05-18 18:45:26 | INFO | RSS poll done: 7 new articles stored
2026-05-18 18:45:26 | INFO | Scheduler: RSS poll finished — 7 new articles
2026-05-18 19:15:10 | INFO | Scheduler: RSS poll started
2026-05-18 19:15:29 | INFO | RSS poll done: 6 new articles stored
2026-05-18 19:15:29 | INFO | Scheduler: RSS poll finished — 6 new articles
2026-05-18 19:45:10 | INFO | Scheduler: RSS poll started
2026-05-18 19:45:26 | INFO | RSS poll done: 8 new articles stored
2026-05-18 19:45:26 | INFO | Scheduler: RSS poll finished — 8 new articles
2026-05-18 20:15:10 | INFO | Scheduler: RSS poll started
2026-05-18 20:15:27 | INFO | RSS poll done: 8 new articles stored
2026-05-18 20:15:27 | INFO | Scheduler: RSS poll finished — 8 new articles
2026-05-19 05:15:10 | INFO | Scheduler: RSS poll started
2026-05-19 10:32:12 | INFO | RSS poll done: 64 new articles stored
2026-05-19 10:32:12 | INFO | Scheduler: RSS poll finished — 64 new articles
2026-05-19 10:45:10 | INFO | Scheduler: RSS poll started
2026-05-19 10:46:05 | INFO | RSS poll done: 27 new articles stored
2026-05-19 10:46:05 | INFO | Scheduler: RSS poll finished — 27 new articles
2026-05-19 11:15:10 | INFO | Scheduler: RSS poll started
2026-05-19 11:15:26 | INFO | RSS poll done: 6 new articles stored
2026-05-19 11:15:26 | INFO | Scheduler: RSS poll finished — 6 new articles
2026-05-19 11:45:10 | INFO | Scheduler: RSS poll started
2026-05-19 11:45:20 | INFO | RSS poll done: 3 new articles stored
2026-05-19 11:45:20 | INFO | Scheduler: RSS poll finished — 3 new articles
2026-05-19 12:15:10 | INFO | Scheduler: RSS poll started
2026-05-19 12:15:23 | INFO | RSS poll done: 4 new articles stored
2026-05-19 12:15:23 | INFO | Scheduler: RSS poll finished — 4 new articles
2026-05-19 12:45:10 | INFO | Scheduler: RSS poll started
2026-05-19 12:45:27 | INFO | RSS poll done: 6 new articles stored
2026-05-19 12:45:27 | INFO | Scheduler: RSS poll finished — 6 new articles
2026-05-19 13:15:10 | INFO | Scheduler: RSS poll started
2026-05-19 13:15:50 | INFO | RSS poll done: 12 new articles stored
2026-05-19 13:15:50 | INFO | Scheduler: RSS poll finished — 12 new articles
2026-05-19 13:45:10 | INFO | Scheduler: RSS poll started
2026-05-19 13:45:32 | INFO | RSS poll done: 7 new articles stored
2026-05-19 13:45:32 | INFO | Scheduler: RSS poll finished — 7 new articles
2026-05-19 14:15:10 | INFO | Scheduler: RSS poll started
2026-05-19 14:15:29 | INFO | RSS poll done: 5 new articles stored
2026-05-19 14:15:29 | INFO | Scheduler: RSS poll finished — 5 new articles
2026-05-19 15:15:10 | INFO | Scheduler: RSS poll started
2026-05-19 15:15:54 | INFO | RSS poll done: 14 new articles stored
2026-05-19 15:15:54 | INFO | Scheduler: RSS poll finished — 14 new articles
2026-05-19 15:45:10 | INFO | Scheduler: RSS poll started
2026-05-19 15:45:21 | INFO | RSS poll done: 3 new articles stored
2026-05-19 15:45:21 | INFO | Scheduler: RSS poll finished — 3 new articles
2026-05-19 16:15:10 | INFO | Scheduler: RSS poll started
2026-05-19 16:15:21 | INFO | RSS poll done: 4 new articles stored
2026-05-19 16:15:21 | INFO | Scheduler: RSS poll finished — 4 new articles
2026-05-19 16:45:10 | INFO | Scheduler: RSS poll started
2026-05-19 16:45:28 | INFO | RSS poll done: 7 new articles stored
2026-05-19 16:45:28 | INFO | Scheduler: RSS poll finished — 7 new articles
2026-05-19 17:15:10 | INFO | Scheduler: RSS poll started
2026-05-19 17:15:19 | INFO | RSS poll done: 3 new articles stored
2026-05-19 17:15:19 | INFO | Scheduler: RSS poll finished — 3 new articles
2026-05-19 17:45:10 | INFO | Scheduler: RSS poll started
2026-05-19 17:45:23 | INFO | RSS poll done: 5 new articles stored
2026-05-19 17:45:23 | INFO | Scheduler: RSS poll finished — 5 new articles
2026-05-19 18:15:10 | INFO | Scheduler: RSS poll started
2026-05-19 18:15:23 | INFO | RSS poll done: 7 new articles stored
2026-05-19 18:15:23 | INFO | Scheduler: RSS poll finished — 7 new articles
2026-05-19 18:45:10 | INFO | Scheduler: RSS poll started
2026-05-19 18:45:27 | INFO | RSS poll done: 7 new articles stored
2026-05-19 18:45:27 | INFO | Scheduler: RSS poll finished — 7 new articles
2026-05-19 19:15:10 | INFO | Scheduler: RSS poll started
2026-05-19 19:15:26 | INFO | RSS poll done: 6 new articles stored
2026-05-19 19:15:26 | INFO | Scheduler: RSS poll finished — 6 new articles
2026-05-19 19:45:10 | INFO | Scheduler: RSS poll started
2026-05-19 19:45:27 | INFO | RSS poll done: 8 new articles stored
2026-05-19 19:45:27 | INFO | Scheduler: RSS poll finished — 8 new articles
2026-05-19 20:15:10 | INFO | Scheduler: RSS poll started
2026-05-19 20:15:26 | INFO | RSS poll done: 8 new articles stored
2026-05-19 20:15:26 | INFO | Scheduler: RSS poll finished — 8 new articles
2026-05-20 11:15:10 | INFO | Scheduler: RSS poll started
2026-05-20 11:18:34 | INFO | RSS poll done: 71 new articles stored
2026-05-20 11:18:34 | INFO | Scheduler: RSS poll finished — 71 new articles
2026-05-20 11:45:10 | INFO | Scheduler: RSS poll started
2026-05-20 11:45:16 | INFO | RSS poll done: 1 new articles stored
2026-05-20 11:45:16 | INFO | Scheduler: RSS poll finished — 1 new articles
2026-05-20 12:15:10 | INFO | Scheduler: RSS poll started
2026-05-20 12:15:45 | INFO | RSS poll done: 10 new articles stored
2026-05-20 12:15:45 | INFO | Scheduler: RSS poll finished — 10 new articles
2026-05-20 12:45:10 | INFO | Scheduler: RSS poll started
2026-05-20 12:45:28 | INFO | RSS poll done: 6 new articles stored
2026-05-20 12:45:28 | INFO | Scheduler: RSS poll finished — 6 new articles
2026-05-20 13:15:10 | INFO | Scheduler: RSS poll started
2026-05-20 13:15:33 | INFO | RSS poll done: 7 new articles stored
2026-05-20 13:15:33 | INFO | Scheduler: RSS poll finished — 7 new articles
2026-05-20 13:45:10 | INFO | Scheduler: RSS poll started
2026-05-20 13:45:36 | INFO | RSS poll done: 7 new articles stored
2026-05-20 13:45:36 | INFO | Scheduler: RSS poll finished — 7 new articles
2026-05-20 14:15:10 | INFO | Scheduler: RSS poll started
2026-05-20 14:15:44 | INFO | RSS poll done: 10 new articles stored
2026-05-20 14:15:44 | INFO | Scheduler: RSS poll finished — 10 new articles
2026-05-20 14:45:10 | INFO | Scheduler: RSS poll started
2026-05-20 14:45:27 | INFO | RSS poll done: 4 new articles stored
2026-05-20 14:45:27 | INFO | Scheduler: RSS poll finished — 4 new articles
2026-05-20 15:15:10 | INFO | Scheduler: RSS poll started
2026-05-20 15:15:29 | INFO | RSS poll done: 6 new articles stored
2026-05-20 15:15:29 | INFO | Scheduler: RSS poll finished — 6 new articles
2026-05-20 15:45:10 | INFO | Scheduler: RSS poll started
2026-05-20 15:45:21 | INFO | RSS poll done: 2 new articles stored
2026-05-20 15:45:21 | INFO | Scheduler: RSS poll finished — 2 new articles
2026-05-20 16:15:10 | INFO | Scheduler: RSS poll started
2026-05-20 16:15:33 | INFO | RSS poll done: 8 new articles stored
2026-05-20 16:15:33 | INFO | Scheduler: RSS poll finished — 8 new articles
2026-05-20 17:15:10 | INFO | Scheduler: RSS poll started
2026-05-20 17:15:34 | INFO | RSS poll done: 10 new articles stored
2026-05-20 17:15:34 | INFO | Scheduler: RSS poll finished — 10 new articles
2026-05-20 17:45:10 | INFO | Scheduler: RSS poll started
2026-05-20 17:45:25 | INFO | RSS poll done: 5 new articles stored
2026-05-20 17:45:25 | INFO | Scheduler: RSS poll finished — 5 new articles
2026-05-21 02:16:52 | INFO | Scheduler: RSS poll started
2026-05-21 15:24:10 | INFO | Database initialized
2026-05-21 15:24:10 | INFO | Scheduler started
2026-05-21 15:24:10 | INFO | Initial RSS poll…
2026-05-21 15:24:10 | INFO | Bot starting (long-polling)
2026-05-21 15:27:28 | INFO | RSS poll done: 85 new articles stored
2026-05-21 15:54:10 | INFO | Scheduler: RSS poll started
2026-05-21 15:54:24 | INFO | RSS poll done: 5 new articles stored
2026-05-21 15:54:24 | INFO | Scheduler: RSS poll finished — 5 new articles
2026-05-21 16:24:10 | INFO | Scheduler: RSS poll started
2026-05-21 16:24:33 | INFO | RSS poll done: 9 new articles stored
2026-05-21 16:24:33 | INFO | Scheduler: RSS poll finished — 9 new articles
2026-05-21 16:54:10 | INFO | Scheduler: RSS poll started
2026-05-21 16:54:21 | INFO | RSS poll done: 5 new articles stored
2026-05-21 16:54:21 | INFO | Scheduler: RSS poll finished — 5 new articles
2026-05-21 17:24:10 | INFO | Scheduler: RSS poll started
2026-05-21 17:24:40 | INFO | RSS poll done: 13 new articles stored
2026-05-21 17:24:40 | INFO | Scheduler: RSS poll finished — 13 new articles
2026-05-21 17:54:10 | INFO | Scheduler: RSS poll started
2026-05-21 17:54:35 | INFO | RSS poll done: 10 new articles stored
2026-05-21 17:54:35 | INFO | Scheduler: RSS poll finished — 10 new articles
2026-05-21 18:24:10 | INFO | Scheduler: RSS poll started
2026-05-21 18:24:22 | INFO | RSS poll done: 4 new articles stored
2026-05-21 18:24:22 | INFO | Scheduler: RSS poll finished — 4 new articles
2026-05-21 18:54:10 | INFO | Scheduler: RSS poll started
2026-05-21 18:54:41 | INFO | RSS poll done: 13 new articles stored
2026-05-21 18:54:41 | INFO | Scheduler: RSS poll finished — 13 new articles
2026-05-21 19:24:10 | INFO | Scheduler: RSS poll started
2026-05-21 19:24:34 | INFO | RSS poll done: 9 new articles stored
2026-05-21 19:24:34 | INFO | Scheduler: RSS poll finished — 9 new articles
2026-05-21 19:54:10 | INFO | Scheduler: RSS poll started
2026-05-21 19:54:19 | INFO | RSS poll done: 4 new articles stored
2026-05-21 19:54:19 | INFO | Scheduler: RSS poll finished — 4 new articles
2026-05-22 10:54:10 | INFO | Scheduler: RSS poll started
2026-05-22 10:57:45 | INFO | RSS poll done: 84 new articles stored
2026-05-22 10:57:45 | INFO | Scheduler: RSS poll finished — 84 new articles
